<?xml version="1.0" encoding="UTF-8"?>
<!-- Generated by org.testng.reporters.JUnitXMLReporter -->
<testsuite ignored="0" hostname="DESKTOP-92RGEGD" failures="0" tests="4" name="Default test" time="13.235" errors="0" timestamp="2022-04-30T01:55:52 IST">
  <testcase classname="tests.calTests" name="addTest" time="0.695"/>
  <testcase classname="tests.calTests" name="divTest" time="0.364"/>
  <testcase classname="tests.calTests" name="mulTest" time="0.332"/>
  <testcase classname="tests.calTests" name="subTest" time="0.753"/>
</testsuite> <!-- Default test -->
