<?xml version="1.0" encoding="UTF-8"?>
<!-- Generated by org.testng.reporters.JUnitXMLReporter -->
<testsuite ignored="0" hostname="DESKTOP-92RGEGD" failures="0" tests="4" name="Cal-Test" time="12.982" errors="0" timestamp="2022-04-30T13:03:23 IST">
  <testcase classname="tests.calTests" name="addTest" time="0.607"/>
  <testcase classname="tests.calTests" name="divTest" time="0.418"/>
  <testcase classname="tests.calTests" name="mulTest" time="0.322"/>
  <testcase classname="tests.calTests" name="subTest" time="0.617"/>
</testsuite> <!-- Cal-Test -->
